Saving last configuration file to .certora_internal/23_03_16_11_55_08_715/.last_confs/last_conf_16_03_2023__11_55_08.conf
contract name StakingRewardsHarness is the same as the file name and can be omitted from harness/StakingRewardsHarness.sol:StakingRewardsHarness
Default package file package.json not found, external contract dependencies could be unresolved. Ignore if solc invocation was successful
There is no TAC file. Going to script EVMVerifier/certoraBuild.py to main_with_args()
Creating dir /home/himanshu/certora/Secureum_Staking_Rewards/.certora_internal/23_03_16_11_55_08_715/.certora_config
In /home/himanshu/certora/Secureum_Staking_Rewards/spec/StakingRewards.spec, found the imports: [('./erc20.spec', '1:1')]
In /home/himanshu/certora/Secureum_Staking_Rewards/spec/erc20.spec, found the imports: []
copying spec file /home/himanshu/certora/Secureum_Staking_Rewards/spec/StakingRewards.spec to /home/himanshu/certora/Secureum_Staking_Rewards/.certora_internal/23_03_16_11_55_08_715/.certora_config/0_StakingRewards.spec.spec
writing /home/himanshu/certora/Secureum_Staking_Rewards/.certora_internal/23_03_16_11_55_08_715/.certora_verify.json
running ['java', '-jar', '/home/himanshu/.local/lib/python3.10/site-packages/certora_jars/Typechecker.jar', '-v', '.certora_internal/23_03_16_11_55_08_715/.certora_verify.json', '-m', '.certora_internal/23_03_16_11_55_08_715/.certora_metadata.json', '-d', '.certora_internal/23_03_16_11_55_08_715']
Failed to compile spec file
[main] ERROR ALWAYS - spec/StakingRewards.spec:126:46: Syntax error: unexpected token near new
[main] ERROR ALWAYS - spec/StakingRewards.spec:126:46: Couldn't repair and continue parse unexpected token near new
[main] ERROR ALWAYS - CVL parser failed with exception. Exception message: "Failed to parse spec/StakingRewards.spec. Exiting."
spec.CVLAstBuilder$CVLParsingException: java.lang.Exception: Failed to parse spec/StakingRewards.spec. Exiting.
build failed
Failure traceback: 
Shared.certoraUtils.CertoraUserInputError: Syntax error in specification file
Encountered an error running Certora Prover:
Syntax error in specification file
